Info: : 1232 mini-second(s) publishing element Discipline:Requirements[dynamic_evolution\disciplines\Tasks_Requirements_11B92A83.html]
Info: CustomCategory:dynamic_evolutions: 935 mini seconds publishing element
Info: CustomCategory:introduction: 47 mini seconds publishing element
Info: SupportingMaterial:Introduction: 312 mini seconds publishing element
Info: : 10674 mini-second(s) publishing element DeliveryProcess:dynamic_evolution[dynamic_evolution\deliveryprocesses\dynamic_evolution_2680987C.html]
Info: DeliveryProcess:dynamic_evolution: 10674 mini seconds publishing element
Info: DeliveryProcess:dynamic_evolution: 172 mini seconds publishing process specific layout data
Info: Phase:Requirements: 156 mini seconds publishing element
Info: TaskDescriptor:Create_Requirements_Model: 31 mini seconds publishing element
Info: Phase:Design: 172 mini seconds publishing element
Info: TaskDescriptor:Create_Architecture_Model: 15 mini seconds publishing element
Info: TaskDescriptor:Create_Variability_Model: 16 mini seconds publishing element
Info: TaskDescriptor:Create_Weaving_Model: 0 mini seconds publishing element
Info: TaskDescriptor:Create_Tactic_Model: 16 mini seconds publishing element
Info: TaskDescriptor:Create_Context_Model: 0 mini seconds publishing element
Info: TaskDescriptor:Create_Context_Conditions: 0 mini seconds publishing element
Info: DisciplineGrouping:new_discipline_grouping: 16 mini seconds publishing element
Info: Discipline:Requirements: 31 mini seconds publishing element
Info: Task:Create_Requirements_Model: 328 mini seconds publishing element
Info: Discipline:Design: 15 mini seconds publishing element
Info: Task:Create_Architecture_Model: 16 mini seconds publishing element
Info: Task:Create_Context_Conditions: 31 mini seconds publishing element
Info: Task:Create_Context_Model: 16 mini seconds publishing element
Info: Task:Create_Tactic_Model: 15 mini seconds publishing element
Info: Task:Create_Variability_Model: 31 mini seconds publishing element
Info: Task:Create_Weaving_Model: 16 mini seconds publishing element
Info: CustomCategory:work_products: 16 mini seconds publishing element
Info: Domain:Requirements: 15 mini seconds publishing element
Info: Artifact:Requirements_Model: 390 mini seconds publishing element
Info: : 2215 mini-second(s) publishing element Role:Analyst[dynamic_evolution\roles\Analyst_652663D.html]
Info: Role:Analyst: 2215 mini seconds publishing element
Info: Domain:Design: 16 mini seconds publishing element
Info: Artifact:Architecture_Model: 47 mini seconds publishing element
Info: Artifact:Context_Conditions: 47 mini seconds publishing element
Info: Artifact:Context_Model: 62 mini seconds publishing element
Info: Artifact:Variability_Model: 47 mini seconds publishing element
Info: Artifact:Weaving_Model: 47 mini seconds publishing element
Info: CustomCategory:roles: 15 mini seconds publishing element
Info: CustomCategory:tools: 16 mini seconds publishing element
Info: ToolMentor:tool_support: 31 mini seconds publishing element
Info: RoleDescriptor:Analyst: 16 mini seconds publishing element
Info: WorkProductDescriptor:Requirements_Model: 15 mini seconds publishing element
Info: RoleDescriptor:Analyst: 16 mini seconds publishing element
Info: WorkProductDescriptor:Requirements_Model: 0 mini seconds publishing element
Info: WorkProductDescriptor:Architecture_Model: 16 mini seconds publishing element
Info: WorkProductDescriptor:Variability_Model: 16 mini seconds publishing element
Info: WorkProductDescriptor:Weaving_Model: 15 mini seconds publishing element
Info: WorkProductDescriptor:Tactic_Model: 16 mini seconds publishing element
Info: WorkProductDescriptor:Context_Model: 0 mini seconds publishing element
Info: WorkProductDescriptor:Context_Conditions: 15 mini seconds publishing element
Info: WorkProductDescriptor:Architecture_Model: 16 mini seconds publishing element
Info: WorkProductDescriptor:Context_Conditions: 0 mini seconds publishing element
Info: WorkProductDescriptor:Context_Model: 16 mini seconds publishing element
Info: WorkProductDescriptor:Variability_Model: 15 mini seconds publishing element
Info: WorkProductDescriptor:Weaving_Model: 0 mini seconds publishing element
Info: Artifact:Tactic_Model: 16 mini seconds publishing element
Info: TermDefinition:tactic: 15 mini seconds publishing element
Info: RoleSet:basic_roles: 16 mini seconds publishing element
Info: TermDefinition:context: 16 mini seconds publishing element
Info: TermDefinition:variant: 15 mini seconds publishing element
Info: TermDefinition:feature: 0 mini seconds publishing element
Info: TermDefinition:feature_model: 31 mini seconds publishing element
Info: : Publishing time: 0 minutes 23 seconds
