Info: CustomCategory:dynamic_adaptations: 453 mini seconds publishing element
Info: CustomCategory:Introduction: 14 mini seconds publishing element
Info: SupportingMaterial:About Us: 243 mini seconds publishing element
Info: CustomCategory:Roles: 13 mini seconds publishing element
Info: : 4840 mini-second(s) publishing element Role:Developer[dynamic_adaptation/roles/Developer_D2C82BC.html]
Info: Role:Developer: 4841 mini seconds publishing element
Info: Task:Model-Driven Generation of WS-BPEL Code: 514 mini seconds publishing element
Info: Artifact:WS-BPEL Code Fragments: 293 mini seconds publishing element
Info: Artifact:WS-BPEL Template: 12 mini seconds publishing element
Info: Role:Systems Analyst: 119 mini seconds publishing element
Info: Task:Create the Context Model: 15 mini seconds publishing element
Info: Task:Create the Initial Composition Model: 13 mini seconds publishing element
Info: Task:Create the Variability Model: 12 mini seconds publishing element
Info: Task:Define Context Conditions: 13 mini seconds publishing element
Info: Task:Define Resolutions: 13 mini seconds publishing element
Info: Task:Generate the Adaptation Space: 14 mini seconds publishing element
Info: Task:Link Features to Service Operations: 21 mini seconds publishing element
Info: Task:Set Variability at the Composition Model: 15 mini seconds publishing element
Info: Task:Verify Reconfigurations: 14 mini seconds publishing element
Info: Artifact:Adaptation Space: 12 mini seconds publishing element
Info: Artifact:Base Composition Model: 16 mini seconds publishing element
Info: Artifact:Context Conditions: 13 mini seconds publishing element
Info: Artifact:Context Model: 13 mini seconds publishing element
Info: Artifact:Initial Composition Model: 13 mini seconds publishing element
Info: Artifact:Resolutions: 11 mini seconds publishing element
Info: Artifact:Variability Model: 12 mini seconds publishing element
Info: Artifact:Variant Models: 13 mini seconds publishing element
Info: Artifact:Verified Variability Model: 10 mini seconds publishing element
Info: Artifact:Verified Variability Model Configurations: 11 mini seconds publishing element
Info: Artifact:Weaving Model: 13 mini seconds publishing element
Info: CustomCategory:Tasks: 11 mini seconds publishing element
Info: CustomCategory:Tools: 8 mini seconds publishing element
Info: ToolMentor:Tools: 31 mini seconds publishing element
Info: : Publishing time: 0 minutes 8 seconds
